<?xml version="1.0" encoding="UTF-8"?>
<!-- Generated by org.testng.reporters.JUnitXMLReporter -->
<testsuite hostname="INNODLPPG01GECU" name="Test" tests="4" failures="0" timestamp="12 May 2019 14:15:50 GMT" time="68.753" errors="0">
  <testcase name="basePageNavigation" time="15.457" classname="Academy.HomePage"/>
  <testcase name="basePageNavigation" time="7.799" classname="Academy.HomePage"/>
  <testcase name="basePageNavigation" time="10.411" classname="Academy.NavigationBar"/>
  <testcase name="basePageNavigation" time="8.712" classname="Academy.ValidateTitle"/>
</testsuite> <!-- Test -->
